<?xml version="1.0" encoding="UTF-8"?>
<!-- Generated by org.testng.reporters.JUnitReportReporter -->
<testsuite hostname="Vikul-LAPTOP" failures="0" tests="6" name="testautomation.CucumberFrameWork.TestNGTestRunner" time="29.824" errors="0" timestamp="2023-05-16T23:06:08 IST" skipped="0">
  <testcase classname="testautomation.CucumberFrameWork.TestNGTestRunner" name="runScenario" time="5.800"/>
  <system-out/>
  <testcase classname="testautomation.CucumberFrameWork.TestNGTestRunner" name="runScenario" time="6.495"/>
  <system-out/>
  <testcase classname="testautomation.CucumberFrameWork.TestNGTestRunner" name="runScenario" time="2.531"/>
  <system-out/>
  <testcase classname="testautomation.CucumberFrameWork.TestNGTestRunner" name="runScenario" time="5.746"/>
  <system-out/>
  <testcase classname="testautomation.CucumberFrameWork.TestNGTestRunner" name="runScenario" time="3.251"/>
  <system-out/>
  <testcase classname="testautomation.CucumberFrameWork.TestNGTestRunner" name="runScenario" time="6.001"/>
  <system-out/>
</testsuite> <!-- testautomation.CucumberFrameWork.TestNGTestRunner -->
