<?xml version="1.0" encoding="UTF-8"?>
<!-- Generated by org.testng.reporters.JUnitReportReporter -->
<testsuite hostname="Vikul-LAPTOP" failures="0" tests="6" name="com.vikul.com.testautomation.PageObjectModel.SubmitOrderTest" time="25.647" errors="0" timestamp="2023-05-07T19:25:06 IST" skipped="0">
  <testcase classname="com.vikul.com.testautomation.PageObjectModel.SubmitOrderTest" name="submitOrder" time="6.087"/>
  <system-out/>
  <testcase classname="com.vikul.com.testautomation.PageObjectModel.SubmitOrderTest" name="submitOrder" time="6.222"/>
  <system-out/>
  <testcase classname="com.vikul.com.testautomation.PageObjectModel.SubmitOrderTest" name="checkOrderHistory" time="1.973"/>
  <system-out/>
  <testcase classname="com.vikul.com.testautomation.PageObjectModel.SubmitOrderTest" name="checkOrderHistory" time="3.248"/>
  <system-out/>
  <testcase classname="com.vikul.com.testautomation.PageObjectModel.SubmitOrderTest" name="submitOrder" time="6.133"/>
  <system-out/>
  <testcase classname="com.vikul.com.testautomation.PageObjectModel.SubmitOrderTest" name="checkOrderHistory" time="1.984"/>
  <system-out/>
</testsuite> <!-- com.vikul.com.testautomation.PageObjectModel.SubmitOrderTest -->
