<?xml version="1.0" encoding="UTF-8"?>
<!-- Generated by org.testng.reporters.JUnitReportReporter -->
<testsuite hostname="LAPTOP-FQ99F5RN" failures="0" tests="6" name="com.vikul.com.testautomation.PageObjectModel.SubmitOrder" time="25.852" errors="0" timestamp="2023-05-06T02:20:20 IST" skipped="0">
  <testcase classname="com.vikul.com.testautomation.PageObjectModel.SubmitOrder" name="submitOrder" time="7.075"/>
  <system-out/>
  <testcase classname="com.vikul.com.testautomation.PageObjectModel.SubmitOrder" name="checkOrderHistory" time="2.771"/>
  <system-out/>
  <testcase classname="com.vikul.com.testautomation.PageObjectModel.SubmitOrder" name="submitOrder" time="6.102"/>
  <system-out/>
  <testcase classname="com.vikul.com.testautomation.PageObjectModel.SubmitOrder" name="submitOrder" time="6.015"/>
  <system-out/>
  <testcase classname="com.vikul.com.testautomation.PageObjectModel.SubmitOrder" name="checkOrderHistory" time="1.937"/>
  <system-out/>
  <testcase classname="com.vikul.com.testautomation.PageObjectModel.SubmitOrder" name="checkOrderHistory" time="1.952"/>
  <system-out/>
</testsuite> <!-- com.vikul.com.testautomation.PageObjectModel.SubmitOrder -->
