<?xml version="1.0" encoding="UTF-8"?>
<!-- Generated by org.testng.reporters.JUnitReportReporter -->
<testsuite hostname="Vikul-LAPTOP" failures="0" tests="1" name="com.vikul.com.testautomation.PageObjectModel.ErrorValidationTest" time="1.900" errors="0" timestamp="2023-05-17T00:50:46 IST" skipped="0">
  <testcase classname="com.vikul.com.testautomation.PageObjectModel.ErrorValidationTest" name="incorrectLoginValidation" time="1.900"/>
  <system-out/>
</testsuite> <!-- com.vikul.com.testautomation.PageObjectModel.ErrorValidationTest -->
