<?xml version="1.0" encoding="UTF-8"?>
<!-- Generated by org.testng.reporters.JUnitReportReporter -->
<testsuite hostname="Vikul-LAPTOP" failures="0" tests="6" name="com.vikul.com.testautomation.PageObjectModel.SubmitOrderTest" time="36.977" errors="0" timestamp="2023-05-17T00:50:46 IST" skipped="0">
  <testcase classname="com.vikul.com.testautomation.PageObjectModel.SubmitOrderTest" name="checkOrderHistory" time="4.009"/>
  <system-out/>
  <testcase classname="com.vikul.com.testautomation.PageObjectModel.SubmitOrderTest" name="submitOrder" time="8.770"/>
  <system-out/>
  <testcase classname="com.vikul.com.testautomation.PageObjectModel.SubmitOrderTest" name="submitOrder" time="8.861"/>
  <system-out/>
  <testcase classname="com.vikul.com.testautomation.PageObjectModel.SubmitOrderTest" name="checkOrderHistory" time="2.148"/>
  <system-out/>
  <testcase classname="com.vikul.com.testautomation.PageObjectModel.SubmitOrderTest" name="submitOrder" time="9.741"/>
  <system-out/>
  <testcase classname="com.vikul.com.testautomation.PageObjectModel.SubmitOrderTest" name="checkOrderHistory" time="3.448"/>
  <system-out/>
</testsuite> <!-- com.vikul.com.testautomation.PageObjectModel.SubmitOrderTest -->
